<?xml version="1.0" encoding="UTF-8"?>
<!-- Generated by org.testng.reporters.JUnitReportReporter -->
<testsuite skipped="0" hostname="Rajesh-PC" name="pack1.CrossBrowserScript" tests="3" failures="0" timestamp="14 Jun 2017 13:58:27 GMT" time="10.118" errors="0">
  <testcase name="testParameterWithXML" time="3.334" classname="pack1.CrossBrowserScript"/>
  <testcase name="testParameterWithXML" time="1.906" classname="pack1.CrossBrowserScript"/>
  <testcase name="testParameterWithXML" time="4.878" classname="pack1.CrossBrowserScript"/>
</testsuite> <!-- pack1.CrossBrowserScript -->
