<?xml version="1.0" encoding="UTF-8"?>
<!-- Generated by org.testng.reporters.JUnitReportReporter -->
<testsuite skipped="0" hostname="Rajesh-PC" name="pack1.CrossBrowserScript" tests="3" failures="0" timestamp="14 Jun 2017 11:39:28 GMT" time="8.926" errors="0">
  <testcase name="testParameterWithXML" time="2.679" classname="pack1.CrossBrowserScript"/>
  <testcase name="testParameterWithXML" time="4.330" classname="pack1.CrossBrowserScript"/>
  <testcase name="testParameterWithXML" time="1.917" classname="pack1.CrossBrowserScript"/>
</testsuite> <!-- pack1.CrossBrowserScript -->
