<?xml version="1.0" encoding="UTF-8"?>
<!-- Generated by org.testng.reporters.JUnitReportReporter -->
<testsuite skipped="0" hostname="Rajesh-PC" name="pack1.NewTest01" tests="1" failures="0" timestamp="19 Jun 2017 06:01:53 GMT" time="29.596" errors="0">
  <testcase name="f" time="29.596" classname="pack1.NewTest01"/>
</testsuite> <!-- pack1.NewTest01 -->
