<?xml version="1.0" encoding="UTF-8"?>
<!-- Generated by org.testng.reporters.JUnitReportReporter -->
<testsuite skipped="0" hostname="Rajesh-PC" name="pack1.FirstTestNGFile" tests="2" failures="0" timestamp="14 Jun 2017 11:41:04 GMT" time="30.207" errors="0">
  <testcase name="verifyHomepageTitle" time="12.429" classname="pack1.FirstTestNGFile"/>
  <testcase name="testGoogleSearch" time="17.778" classname="pack1.FirstTestNGFile"/>
</testsuite> <!-- pack1.FirstTestNGFile -->
