<?xml version="1.0" encoding="UTF-8"?>
<!-- Generated by org.testng.reporters.JUnitReportReporter -->
<testsuite skipped="1" hostname="Rajesh-PC" name="homepage.LocationSearch" tests="2" failures="0" timestamp="22 Jun 2017 06:35:55 GMT" time="20.652" errors="0">
  <testcase name="testCandidateLogin" time="20.652" classname="homepage.LocationSearch"/>
  <testcase name="searchwithlocationfilter" classname="homepage.LocationSearch">
    <skipped/>
  </testcase> <!-- searchwithlocationfilter -->
</testsuite> <!-- homepage.LocationSearch -->
