<?xml version="1.0" encoding="UTF-8"?>
<!-- Generated by org.testng.reporters.JUnitReportReporter -->
<testsuite skipped="0" hostname="Rajesh-PC" name="example.CrossBrowserScript" tests="3" failures="0" timestamp="16 Jun 2017 06:27:45 GMT" time="11.432" errors="0">
  <testcase name="testParameterWithXML" time="3.505" classname="example.CrossBrowserScript"/>
  <testcase name="testParameterWithXML" time="2.763" classname="example.CrossBrowserScript"/>
  <testcase name="testParameterWithXML" time="5.164" classname="example.CrossBrowserScript"/>
</testsuite> <!-- example.CrossBrowserScript -->
