<?xml version="1.0" encoding="UTF-8"?>
<!-- Generated by org.testng.reporters.JUnitReportReporter -->
<testsuite skipped="0" hostname="Rajesh-PC" name="example.CrossBrowserScript" tests="3" failures="0" timestamp="19 Jun 2017 06:05:00 GMT" time="8.966" errors="0">
  <testcase name="testParameterWithXML" time="3.979" classname="example.CrossBrowserScript"/>
  <testcase name="testParameterWithXML" time="2.736" classname="example.CrossBrowserScript"/>
  <testcase name="testParameterWithXML" time="2.251" classname="example.CrossBrowserScript"/>
</testsuite> <!-- example.CrossBrowserScript -->
