<?xml version="1.0" encoding="UTF-8"?>
<!-- Generated by org.testng.reporters.JUnitReportReporter -->
<testsuite skipped="0" hostname="Rajesh-PC" name="homepage.LocationSearch" tests="1" failures="0" timestamp="21 Jun 2017 13:34:37 GMT" time="14.037" errors="0">
  <testcase name="testCandidateLogin" time="14.037" classname="homepage.LocationSearch"/>
</testsuite> <!-- homepage.LocationSearch -->
