<?xml version="1.0" encoding="UTF-8"?>
<!-- Generated by org.testng.reporters.JUnitReportReporter -->
<testsuite skipped="0" hostname="Priyal-PC" name="example.location_filter_for_java" tests="1" failures="0" timestamp="21 Jun 2017 14:26:47 GMT" time="71.839" errors="0">
  <testcase name="testLocationFilterForJobInTestng" time="71.839" classname="example.location_filter_for_java"/>
</testsuite> <!-- example.location_filter_for_java -->
