<?xml version="1.0" encoding="UTF-8"?>
<!-- Generated by org.testng.reporters.JUnitReportReporter -->
<testsuite skipped="0" hostname="Rajesh-PC" name="example.NewTest" tests="1" failures="0" timestamp="16 Jun 2017 06:16:46 GMT" time="4.270" errors="0">
  <testcase name="testEasy" time="4.270" classname="example.NewTest"/>
</testsuite> <!-- example.NewTest -->
