<?xml version="1.0" encoding="UTF-8"?>
<!-- Generated by org.testng.reporters.JUnitReportReporter -->
<testsuite skipped="0" hostname="Rajesh-PC" name="example.candidate_login_with_testng" tests="1" failures="0" timestamp="19 Jun 2017 06:48:02 GMT" time="36.255" errors="0">
  <testcase name="testCandidateLoginLogoutTestng" time="36.255" classname="example.candidate_login_with_testng"/>
</testsuite> <!-- example.candidate_login_with_testng -->
