<?xml version="1.0" encoding="UTF-8"?>
<!-- Generated by org.testng.reporters.JUnitReportReporter -->
<testsuite skipped="0" hostname="Rajesh-PC" name="homepage.homepage" tests="3" failures="0" timestamp="21 Jun 2017 06:34:04 GMT" time="85.603" errors="0">
  <testcase name="testCandidateLogin" time="26.643" classname="homepage.homepage"/>
  <testcase name="testCompanyLogin" time="24.285" classname="homepage.homepage"/>
  <testcase name="testCollegeLogin" time="34.675" classname="homepage.homepage"/>
</testsuite> <!-- homepage.homepage -->
