<?xml version="1.0" encoding="UTF-8"?>
<!-- Generated by org.testng.reporters.JUnitReportReporter -->
<testsuite skipped="3" hostname="Rajesh-PC" name="homepage.homepage" tests="4" failures="0" timestamp="21 Jun 2017 12:16:54 GMT" time="22.263" errors="0">
  <testcase name="Homepage2JobSearch" time="22.263" classname="homepage.homepage"/>
  <testcase name="testCollegeLogin" classname="homepage.homepage">
    <skipped/>
  </testcase> <!-- testCollegeLogin -->
  <testcase name="testCandidateLogin" classname="homepage.homepage">
    <skipped/>
  </testcase> <!-- testCandidateLogin -->
  <testcase name="testCompanyLogin" classname="homepage.homepage">
    <skipped/>
  </testcase> <!-- testCompanyLogin -->
</testsuite> <!-- homepage.homepage -->
