<?xml version="1.0" encoding="UTF-8"?>
<!-- Generated by org.testng.reporters.JUnitReportReporter -->
<testsuite skipped="0" hostname="Priyal-PC" name="homepage.homepage" tests="3" failures="0" timestamp="21 Jun 2017 10:40:25 GMT" time="83.982" errors="0">
  <testcase name="testCandidateLogin" time="34.051" classname="homepage.homepage"/>
  <testcase name="testCompanyLogin" time="25.259" classname="homepage.homepage"/>
  <testcase name="testCollegeLogin" time="24.672" classname="homepage.homepage"/>
</testsuite> <!-- homepage.homepage -->
